<?xml version="1.0" encoding="UTF-8"?>
<testng-results skipped="0" failed="0" total="2" passed="2">
  <reporter-output>
  </reporter-output>
  <suite name="Grid Test" duration-ms="146701" started-at="2016-11-10T06:58:32Z" finished-at="2016-11-10T07:00:59Z">
    <groups>
    </groups>
    <test name="On Chrome" duration-ms="54935" started-at="2016-11-10T06:58:32Z" finished-at="2016-11-10T06:59:27Z">
      <class name="grid.GridEg1">
        <test-method status="PASS" signature="grid(java.lang.String)[pri:0, instance:grid.GridEg1@68be2bc2]" name="grid" duration-ms="54886" started-at="2016-11-10T12:28:32Z" finished-at="2016-11-10T12:29:27Z">
          <params>
            <param index="0">
              <value>
                <![CDATA[chrome]]>
              </value>
            </param>
          </params>
          <reporter-output>
          </reporter-output>
        </test-method> <!-- grid -->
      </class> <!-- grid.GridEg1 -->
    </test> <!-- On Chrome -->
    <test name="On Firefox" duration-ms="146701" started-at="2016-11-10T06:58:32Z" finished-at="2016-11-10T07:00:59Z">
      <class name="grid.GridEg1">
        <test-method status="PASS" signature="grid(java.lang.String)[pri:0, instance:grid.GridEg1@5dfcfece]" name="grid" duration-ms="146658" started-at="2016-11-10T12:28:32Z" finished-at="2016-11-10T12:30:59Z">
          <params>
            <param index="0">
              <value>
                <![CDATA[firefox]]>
              </value>
            </param>
          </params>
          <reporter-output>
          </reporter-output>
        </test-method> <!-- grid -->
      </class> <!-- grid.GridEg1 -->
    </test> <!-- On Firefox -->
  </suite> <!-- Grid Test -->
</testng-results>
